0 info it worked if it ends with ok
1 verbose cli [ '/usr/local/bin/node',
1 verbose cli   '/usr/local/bin/npm',
1 verbose cli   'install',
1 verbose cli   '-g',
1 verbose cli   'request' ]
2 info using npm@2.15.1
3 info using node@v4.4.3
4 verbose install initial load of /usr/local/lib/package.json
5 verbose readDependencies loading dependencies from /usr/local/lib/package.json
6 silly cache add args [ 'request', null ]
7 verbose cache add spec request
8 silly cache add parsed spec Result {
8 silly cache add   raw: 'request',
8 silly cache add   scope: null,
8 silly cache add   name: 'request',
8 silly cache add   rawSpec: '',
8 silly cache add   spec: 'latest',
8 silly cache add   type: 'tag' }
9 silly addNamed request@latest
10 verbose addNamed "latest" is being treated as a dist-tag for request
11 info addNameTag [ 'request', 'latest' ]
12 silly mapToRegistry name request
13 silly mapToRegistry using default registry
14 silly mapToRegistry registry https://registry.npmjs.org/
15 silly mapToRegistry data Result {
15 silly mapToRegistry   raw: 'request',
15 silly mapToRegistry   scope: null,
15 silly mapToRegistry   name: 'request',
15 silly mapToRegistry   rawSpec: '',
15 silly mapToRegistry   spec: 'latest',
15 silly mapToRegistry   type: 'tag' }
16 silly mapToRegistry uri https://registry.npmjs.org/request
17 verbose addNameTag registry:https://registry.npmjs.org/request not in flight; fetching
18 verbose request uri https://registry.npmjs.org/request
19 verbose request no auth needed
20 info attempt registry request try #1 at 3:49:11 PM
21 verbose request using bearer token for auth
22 verbose request id c3d796351d546e43
23 verbose etag "AR63JDA8AOVR5YC7S0VNW6WL1"
24 http request GET https://registry.npmjs.org/request
25 info retry will retry, error on last attempt: Error: socket hang up
26 info attempt registry request try #2 at 3:49:21 PM
27 verbose request using bearer token for auth
28 verbose etag "AR63JDA8AOVR5YC7S0VNW6WL1"
29 http request GET https://registry.npmjs.org/request
30 info retry will retry, error on last attempt: Error: socket hang up
31 info attempt registry request try #3 at 3:50:21 PM
32 verbose request using bearer token for auth
33 verbose etag "AR63JDA8AOVR5YC7S0VNW6WL1"
34 http request GET https://registry.npmjs.org/request
35 silly get cb [ 304, undefined ]
36 verbose etag https://registry.npmjs.org/request from cache
37 verbose get saving request to /Users/sebastian/.npm/registry.npmjs.org/request/.cache.json
38 verbose correctMkdir /Users/sebastian/.npm correctMkdir not in flight; initializing
39 silly addNameTag next cb for request with tag latest
40 silly addNamed request@2.72.0
41 verbose addNamed "2.72.0" is a plain semver version for request
42 silly cache afterAdd request@2.72.0
43 verbose afterAdd /Users/sebastian/.npm/request/2.72.0/package/package.json not in flight; writing
44 verbose correctMkdir /Users/sebastian/.npm correctMkdir not in flight; initializing
45 verbose afterAdd /Users/sebastian/.npm/request/2.72.0/package/package.json written
46 silly install resolved [ { name: 'request',
46 silly install resolved     description: 'Simplified HTTP request client.',
46 silly install resolved     tags: [ 'http', 'simple', 'util', 'utility' ],
46 silly install resolved     version: '2.72.0',
46 silly install resolved     author: { name: 'Mikeal Rogers', email: 'mikeal.rogers@gmail.com' },
46 silly install resolved     repository:
46 silly install resolved      { type: 'git',
46 silly install resolved        url: 'git+https://github.com/request/request.git' },
46 silly install resolved     bugs: { url: 'http://github.com/request/request/issues' },
46 silly install resolved     license: 'Apache-2.0',
46 silly install resolved     engines: { node: '>=0.8.0' },
46 silly install resolved     main: 'index.js',
46 silly install resolved     dependencies:
46 silly install resolved      { 'aws-sign2': '~0.6.0',
46 silly install resolved        aws4: '^1.2.1',
46 silly install resolved        bl: '~1.1.2',
46 silly install resolved        caseless: '~0.11.0',
46 silly install resolved        'combined-stream': '~1.0.5',
46 silly install resolved        extend: '~3.0.0',
46 silly install resolved        'forever-agent': '~0.6.1',
46 silly install resolved        'form-data': '~1.0.0-rc3',
46 silly install resolved        'har-validator': '~2.0.6',
46 silly install resolved        hawk: '~3.1.3',
46 silly install resolved        'http-signature': '~1.1.0',
46 silly install resolved        'is-typedarray': '~1.0.0',
46 silly install resolved        isstream: '~0.1.2',
46 silly install resolved        'json-stringify-safe': '~5.0.1',
46 silly install resolved        'mime-types': '~2.1.7',
46 silly install resolved        'node-uuid': '~1.4.7',
46 silly install resolved        'oauth-sign': '~0.8.1',
46 silly install resolved        qs: '~6.1.0',
46 silly install resolved        stringstream: '~0.0.4',
46 silly install resolved        'tough-cookie': '~2.2.0',
46 silly install resolved        'tunnel-agent': '~0.4.1' },
46 silly install resolved     scripts:
46 silly install resolved      { test: 'npm run lint && npm run test-ci && npm run test-browser',
46 silly install resolved        'test-ci': 'taper tests/test-*.js',
46 silly install resolved        'test-cov': 'istanbul cover tape tests/test-*.js',
46 silly install resolved        'test-browser': 'node tests/browser/start.js',
46 silly install resolved        lint: 'eslint lib/ *.js tests/ && echo Lint passed.' },
46 silly install resolved     devDependencies:
46 silly install resolved      { bluebird: '^3.2.1',
46 silly install resolved        browserify: '^12.0.2',
46 silly install resolved        'browserify-istanbul': '^2.0.0',
46 silly install resolved        'buffer-equal': '^1.0.0',
46 silly install resolved        'codecov.io': '^0.1.6',
46 silly install resolved        coveralls: '^2.11.4',
46 silly install resolved        eslint: '^2.5.3',
46 silly install resolved        'function-bind': '^1.0.2',
46 silly install resolved        istanbul: '^0.4.0',
46 silly install resolved        karma: '^0.13.10',
46 silly install resolved        'karma-browserify': '^5.0.1',
46 silly install resolved        'karma-cli': '^0.1.1',
46 silly install resolved        'karma-coverage': '^0.5.3',
46 silly install resolved        'karma-phantomjs-launcher': '^1.0.0',
46 silly install resolved        'karma-tap': '^1.0.3',
46 silly install resolved        'phantomjs-prebuilt': '^2.1.3',
46 silly install resolved        rimraf: '^2.2.8',
46 silly install resolved        'server-destroy': '^1.0.1',
46 silly install resolved        tape: '^4.2.0',
46 silly install resolved        taper: '^0.4.0' },
46 silly install resolved     gitHead: '6dcac13642955577592fdafb5ff3cdc8a6ff1b1b',
46 silly install resolved     homepage: 'https://github.com/request/request#readme',
46 silly install resolved     _id: 'request@2.72.0',
46 silly install resolved     _shasum: '0ce3a179512620b10441f14c82e21c12c0ddb4e1',
46 silly install resolved     _from: 'request@latest',
46 silly install resolved     _npmVersion: '3.8.5',
46 silly install resolved     _nodeVersion: '5.9.0',
46 silly install resolved     _npmUser: { name: 'simov', email: 'simeonvelichkov@gmail.com' },
46 silly install resolved     dist:
46 silly install resolved      { shasum: '0ce3a179512620b10441f14c82e21c12c0ddb4e1',
46 silly install resolved        tarball: 'https://registry.npmjs.org/request/-/request-2.72.0.tgz' },
46 silly install resolved     maintainers: [ [Object], [Object], [Object], [Object] ],
46 silly install resolved     _npmOperationalInternal:
46 silly install resolved      { host: 'packages-12-west.internal.npmjs.com',
46 silly install resolved        tmp: 'tmp/request-2.72.0.tgz_1460901215210_0.9173020373564214' },
46 silly install resolved     directories: {},
46 silly install resolved     _resolved: 'https://registry.npmjs.org/request/-/request-2.72.0.tgz',
46 silly install resolved     readme: 'ERROR: No README data found!' } ]
47 info install request@2.72.0 into /usr/local/lib
48 info installOne request@2.72.0
49 verbose installOne of request to /usr/local/lib not in flight; installing
50 verbose correctMkdir /Users/sebastian/.npm/_locks correctMkdir not in flight; initializing
51 verbose lock using /Users/sebastian/.npm/_locks/request-dc3502d0dc58f545.lock for /usr/local/lib/node_modules/request
52 silly install write writing request 2.72.0 to /usr/local/lib/node_modules/request
53 verbose unbuild lib/node_modules/request
54 silly gentlyRm /usr/local/lib/node_modules/request is being purged from base /usr/local
55 verbose gentlyRm don't care about contents; nuking /usr/local/lib/node_modules/request
56 verbose tar unpack /Users/sebastian/.npm/request/2.72.0/package.tgz
57 verbose tar unpacking to /usr/local/lib/node_modules/request
58 silly gentlyRm /usr/local/lib/node_modules/request is being purged
59 verbose gentlyRm don't care about contents; nuking /usr/local/lib/node_modules/request
60 silly gunzTarPerm modes [ '755', '644' ]
61 error tar.unpack untar error /Users/sebastian/.npm/request/2.72.0/package.tgz
62 verbose unlock done using /Users/sebastian/.npm/_locks/request-dc3502d0dc58f545.lock for /usr/local/lib/node_modules/request
63 verbose fstream_path /usr/local/lib/node_modules/request
64 verbose fstream_type Directory
65 verbose fstream_class DirWriter
66 verbose stack Error: EACCES: permission denied, mkdir '/usr/local/lib/node_modules/request'
66 verbose stack     at Error (native)
67 verbose fstream_stack /usr/local/lib/node_modules/npm/node_modules/fstream/lib/dir-writer.js:35:25
67 verbose fstream_stack /usr/local/lib/node_modules/npm/node_modules/mkdirp/index.js:47:53
67 verbose fstream_stack FSReqWrap.oncomplete (fs.js:82:15)
68 verbose cwd /Users/sebastian/Desktop/school/CSCI-E50a/final_project/hs_slack_leadNotify
69 error Darwin 14.5.0
70 error argv "/usr/local/bin/node" "/usr/local/bin/npm" "install" "-g" "request"
71 error node v4.4.3
72 error npm  v2.15.1
73 error path /usr/local/lib/node_modules/request
74 error code EACCES
75 error errno -13
76 error syscall mkdir
77 error Error: EACCES: permission denied, mkdir '/usr/local/lib/node_modules/request'
77 error     at Error (native)
77 error  { [Error: EACCES: permission denied, mkdir '/usr/local/lib/node_modules/request']
77 error   errno: -13,
77 error   code: 'EACCES',
77 error   syscall: 'mkdir',
77 error   path: '/usr/local/lib/node_modules/request',
77 error   fstream_type: 'Directory',
77 error   fstream_path: '/usr/local/lib/node_modules/request',
77 error   fstream_class: 'DirWriter',
77 error   fstream_stack:
77 error    [ '/usr/local/lib/node_modules/npm/node_modules/fstream/lib/dir-writer.js:35:25',
77 error      '/usr/local/lib/node_modules/npm/node_modules/mkdirp/index.js:47:53',
77 error      'FSReqWrap.oncomplete (fs.js:82:15)' ] }
78 error Please try running this command again as root/Administrator.
79 verbose exit [ -13, true ]
80 verbose unbuild lib/node_modules/request
81 silly gentlyRm /usr/local/lib/node_modules/request is being purged from base /usr/local
82 verbose gentlyRm don't care about contents; nuking /usr/local/lib/node_modules/request
